{"/Users/bogxoxl/DEV/FRONTEND/grokking_algorithms/src/chapter-01/binarySearch.ts": {"path":"/Users/bogxoxl/DEV/FRONTEND/grokking_algorithms/src/chapter-01/binarySearch.ts","statementMap":{"0":{"start":{"line":2,"column":12},"end":{"line":2,"column":null}},"1":{"start":{"line":3,"column":12},"end":{"line":3,"column":null}},"2":{"start":{"line":4,"column":13},"end":{"line":4,"column":null}},"3":{"start":{"line":6,"column":2},"end":{"line":18,"column":null}},"4":{"start":{"line":7,"column":4},"end":{"line":7,"column":null}},"5":{"start":{"line":9,"column":4},"end":{"line":11,"column":null}},"6":{"start":{"line":10,"column":6},"end":{"line":10,"column":null}},"7":{"start":{"line":13,"column":4},"end":{"line":17,"column":null}},"8":{"start":{"line":14,"column":6},"end":{"line":14,"column":null}},"9":{"start":{"line":16,"column":6},"end":{"line":16,"column":null}},"10":{"start":{"line":20,"column":2},"end":{"line":20,"column":null}}},"fnMap":{"0":{"name":"binarySearch","decl":{"start":{"line":1,"column":16},"end":{"line":1,"column":56}},"loc":{"start":{"line":1,"column":75},"end":{"line":21,"column":null}},"line":1}},"branchMap":{"0":{"loc":{"start":{"line":9,"column":4},"end":{"line":11,"column":null}},"type":"if","locations":[{"start":{"line":9,"column":4},"end":{"line":11,"column":null}},{"start":{},"end":{}}],"line":9},"1":{"loc":{"start":{"line":13,"column":4},"end":{"line":17,"column":null}},"type":"if","locations":[{"start":{"line":13,"column":4},"end":{"line":17,"column":null}},{"start":{"line":15,"column":11},"end":{"line":17,"column":null}}],"line":13}},"s":{"0":11,"1":11,"2":11,"3":11,"4":40,"5":40,"6":7,"7":33,"8":24,"9":9,"10":4},"f":{"0":11},"b":{"0":[7,33],"1":[24,9]},"meta":{"lastBranch":2,"lastFunction":1,"lastStatement":11,"seen":{"f:1:16:1:56":0,"s:2:12:2:Infinity":0,"s:3:12:3:Infinity":1,"s:4:13:4:Infinity":2,"s:6:2:18:Infinity":3,"s:7:4:7:Infinity":4,"b:9:4:11:Infinity:undefined:undefined:undefined:undefined":0,"s:9:4:11:Infinity":5,"s:10:6:10:Infinity":6,"b:13:4:17:Infinity:15:11:17:Infinity":1,"s:13:4:17:Infinity":7,"s:14:6:14:Infinity":8,"s:16:6:16:Infinity":9,"s:20:2:20:Infinity":10}}}
,"/Users/bogxoxl/DEV/FRONTEND/grokking_algorithms/src/chapter-01/mocks.ts": {"path":"/Users/bogxoxl/DEV/FRONTEND/grokking_algorithms/src/chapter-01/mocks.ts","statementMap":{"0":{"start":{"line":1,"column":33},"end":{"line":1,"column":null}},"1":{"start":{"line":2,"column":32},"end":{"line":2,"column":null}},"2":{"start":{"line":4,"column":31},"end":{"line":111,"column":null}}},"fnMap":{},"branchMap":{},"s":{"0":1,"1":1,"2":1},"f":{},"b":{},"meta":{"lastBranch":0,"lastFunction":0,"lastStatement":3,"seen":{"s:1:33:1:Infinity":0,"s:2:32:2:Infinity":1,"s:4:31:111:Infinity":2}}}
,"/Users/bogxoxl/DEV/FRONTEND/grokking_algorithms/src/chapter-02/LinkedList.ts": {"path":"/Users/bogxoxl/DEV/FRONTEND/grokking_algorithms/src/chapter-02/LinkedList.ts","statementMap":{"0":{"start":{"line":11,"column":4},"end":{"line":11,"column":null}},"1":{"start":{"line":12,"column":4},"end":{"line":12,"column":null}},"2":{"start":{"line":13,"column":4},"end":{"line":13,"column":null}},"3":{"start":{"line":20,"column":12},"end":{"line":20,"column":null}},"4":{"start":{"line":23,"column":4},"end":{"line":23,"column":null}},"5":{"start":{"line":24,"column":4},"end":{"line":24,"column":null}},"6":{"start":{"line":28,"column":4},"end":{"line":28,"column":null}},"7":{"start":{"line":32,"column":16},"end":{"line":32,"column":null}},"8":{"start":{"line":34,"column":4},"end":{"line":36,"column":null}},"9":{"start":{"line":35,"column":6},"end":{"line":35,"column":null}},"10":{"start":{"line":38,"column":4},"end":{"line":50,"column":null}},"11":{"start":{"line":39,"column":24},"end":{"line":39,"column":null}},"12":{"start":{"line":40,"column":6},"end":{"line":42,"column":null}},"13":{"start":{"line":40,"column":19},"end":{"line":40,"column":22}},"14":{"start":{"line":41,"column":8},"end":{"line":41,"column":null}},"15":{"start":{"line":43,"column":6},"end":{"line":43,"column":null}},"16":{"start":{"line":45,"column":24},"end":{"line":45,"column":null}},"17":{"start":{"line":46,"column":6},"end":{"line":48,"column":null}},"18":{"start":{"line":46,"column":19},"end":{"line":46,"column":37}},"19":{"start":{"line":47,"column":8},"end":{"line":47,"column":null}},"20":{"start":{"line":49,"column":6},"end":{"line":49,"column":null}},"21":{"start":{"line":54,"column":17},"end":{"line":54,"column":null}},"22":{"start":{"line":55,"column":4},"end":{"line":55,"column":null}},"23":{"start":{"line":59,"column":4},"end":{"line":61,"column":null}},"24":{"start":{"line":60,"column":6},"end":{"line":60,"column":null}},"25":{"start":{"line":63,"column":4},"end":{"line":65,"column":null}},"26":{"start":{"line":64,"column":6},"end":{"line":64,"column":null}},"27":{"start":{"line":67,"column":24},"end":{"line":67,"column":null}},"28":{"start":{"line":68,"column":4},"end":{"line":70,"column":null}},"29":{"start":{"line":69,"column":6},"end":{"line":69,"column":null}},"30":{"start":{"line":72,"column":21},"end":{"line":72,"column":null}},"31":{"start":{"line":73,"column":20},"end":{"line":73,"column":null}},"32":{"start":{"line":75,"column":4},"end":{"line":75,"column":null}},"33":{"start":{"line":77,"column":4},"end":{"line":81,"column":null}},"34":{"start":{"line":78,"column":6},"end":{"line":78,"column":null}},"35":{"start":{"line":80,"column":6},"end":{"line":80,"column":null}},"36":{"start":{"line":83,"column":4},"end":{"line":83,"column":null}},"37":{"start":{"line":85,"column":4},"end":{"line":85,"column":null}},"38":{"start":{"line":89,"column":24},"end":{"line":89,"column":null}},"39":{"start":{"line":91,"column":4},"end":{"line":93,"column":null}},"40":{"start":{"line":92,"column":6},"end":{"line":92,"column":null}},"41":{"start":{"line":95,"column":4},"end":{"line":99,"column":null}},"42":{"start":{"line":96,"column":6},"end":{"line":96,"column":null}},"43":{"start":{"line":98,"column":6},"end":{"line":98,"column":null}},"44":{"start":{"line":101,"column":4},"end":{"line":105,"column":null}},"45":{"start":{"line":102,"column":6},"end":{"line":102,"column":null}},"46":{"start":{"line":104,"column":6},"end":{"line":104,"column":null}},"47":{"start":{"line":107,"column":4},"end":{"line":107,"column":null}},"48":{"start":{"line":109,"column":4},"end":{"line":109,"column":null}},"49":{"start":{"line":113,"column":4},"end":{"line":119,"column":null}},"50":{"start":{"line":114,"column":6},"end":{"line":114,"column":null}},"51":{"start":{"line":115,"column":6},"end":{"line":115,"column":null}},"52":{"start":{"line":117,"column":6},"end":{"line":117,"column":null}},"53":{"start":{"line":118,"column":6},"end":{"line":118,"column":null}},"54":{"start":{"line":121,"column":4},"end":{"line":121,"column":null}},"55":{"start":{"line":122,"column":4},"end":{"line":122,"column":null}},"56":{"start":{"line":126,"column":4},"end":{"line":128,"column":null}},"57":{"start":{"line":127,"column":6},"end":{"line":127,"column":null}},"58":{"start":{"line":130,"column":19},"end":{"line":130,"column":null}},"59":{"start":{"line":132,"column":4},"end":{"line":138,"column":null}},"60":{"start":{"line":133,"column":6},"end":{"line":133,"column":null}},"61":{"start":{"line":134,"column":6},"end":{"line":134,"column":null}},"62":{"start":{"line":136,"column":6},"end":{"line":136,"column":null}},"63":{"start":{"line":137,"column":6},"end":{"line":137,"column":null}},"64":{"start":{"line":140,"column":4},"end":{"line":140,"column":null}},"65":{"start":{"line":141,"column":4},"end":{"line":141,"column":null}},"66":{"start":{"line":145,"column":4},"end":{"line":151,"column":null}},"67":{"start":{"line":146,"column":6},"end":{"line":146,"column":null}},"68":{"start":{"line":147,"column":6},"end":{"line":147,"column":null}},"69":{"start":{"line":149,"column":6},"end":{"line":149,"column":null}},"70":{"start":{"line":150,"column":6},"end":{"line":150,"column":null}},"71":{"start":{"line":153,"column":4},"end":{"line":153,"column":null}},"72":{"start":{"line":154,"column":4},"end":{"line":154,"column":null}},"73":{"start":{"line":158,"column":4},"end":{"line":160,"column":null}},"74":{"start":{"line":159,"column":6},"end":{"line":159,"column":null}},"75":{"start":{"line":162,"column":19},"end":{"line":162,"column":null}},"76":{"start":{"line":164,"column":4},"end":{"line":170,"column":null}},"77":{"start":{"line":165,"column":6},"end":{"line":165,"column":null}},"78":{"start":{"line":166,"column":6},"end":{"line":166,"column":null}},"79":{"start":{"line":168,"column":6},"end":{"line":168,"column":null}},"80":{"start":{"line":169,"column":6},"end":{"line":169,"column":null}},"81":{"start":{"line":172,"column":4},"end":{"line":172,"column":null}},"82":{"start":{"line":173,"column":4},"end":{"line":173,"column":null}},"83":{"start":{"line":177,"column":4},"end":{"line":177,"column":null}},"84":{"start":{"line":179,"column":4},"end":{"line":183,"column":null}},"85":{"start":{"line":180,"column":19},"end":{"line":180,"column":null}},"86":{"start":{"line":181,"column":6},"end":{"line":181,"column":null}},"87":{"start":{"line":182,"column":6},"end":{"line":182,"column":null}},"88":{"start":{"line":185,"column":4},"end":{"line":185,"column":null}},"89":{"start":{"line":189,"column":22},"end":{"line":189,"column":null}},"90":{"start":{"line":190,"column":4},"end":{"line":193,"column":null}},"91":{"start":{"line":191,"column":6},"end":{"line":191,"column":null}},"92":{"start":{"line":192,"column":6},"end":{"line":192,"column":null}}},"fnMap":{"0":{"name":"(anonymous_0)","decl":{"start":{"line":6,"column":2},"end":{"line":6,"column":null}},"loc":{"start":{"line":10,"column":4},"end":{"line":14,"column":null}},"line":10},"1":{"name":"(anonymous_1)","decl":{"start":{"line":22,"column":2},"end":{"line":22,"column":16}},"loc":{"start":{"line":22,"column":16},"end":{"line":25,"column":null}},"line":22},"2":{"name":"(anonymous_2)","decl":{"start":{"line":27,"column":6},"end":{"line":27,"column":23}},"loc":{"start":{"line":27,"column":23},"end":{"line":29,"column":null}},"line":27},"3":{"name":"(anonymous_3)","decl":{"start":{"line":31,"column":2},"end":{"line":31,"column":5}},"loc":{"start":{"line":31,"column":38},"end":{"line":51,"column":null}},"line":31},"4":{"name":"(anonymous_4)","decl":{"start":{"line":53,"column":2},"end":{"line":53,"column":6}},"loc":{"start":{"line":53,"column":34},"end":{"line":56,"column":null}},"line":53},"5":{"name":"(anonymous_5)","decl":{"start":{"line":58,"column":2},"end":{"line":58,"column":6}},"loc":{"start":{"line":58,"column":35},"end":{"line":86,"column":null}},"line":58},"6":{"name":"(anonymous_6)","decl":{"start":{"line":88,"column":2},"end":{"line":88,"column":9}},"loc":{"start":{"line":88,"column":37},"end":{"line":110,"column":null}},"line":88},"7":{"name":"(anonymous_7)","decl":{"start":{"line":112,"column":2},"end":{"line":112,"column":7}},"loc":{"start":{"line":112,"column":23},"end":{"line":123,"column":null}},"line":112},"8":{"name":"(anonymous_8)","decl":{"start":{"line":125,"column":2},"end":{"line":125,"column":23}},"loc":{"start":{"line":125,"column":23},"end":{"line":142,"column":null}},"line":125},"9":{"name":"(anonymous_9)","decl":{"start":{"line":144,"column":2},"end":{"line":144,"column":10}},"loc":{"start":{"line":144,"column":26},"end":{"line":155,"column":null}},"line":144},"10":{"name":"(anonymous_10)","decl":{"start":{"line":157,"column":2},"end":{"line":157,"column":25}},"loc":{"start":{"line":157,"column":25},"end":{"line":174,"column":null}},"line":157},"11":{"name":"(anonymous_11)","decl":{"start":{"line":176,"column":2},"end":{"line":176,"column":16}},"loc":{"start":{"line":176,"column":16},"end":{"line":186,"column":null}},"line":176},"12":{"name":"(anonymous_12)","decl":{"start":{"line":188,"column":4},"end":{"line":188,"column":19}},"loc":{"start":{"line":188,"column":36},"end":{"line":194,"column":null}},"line":188}},"branchMap":{"0":{"loc":{"start":{"line":8,"column":4},"end":{"line":8,"column":null}},"type":"default-arg","locations":[{"start":{"line":8,"column":31},"end":{"line":8,"column":null}}],"line":8},"1":{"loc":{"start":{"line":9,"column":4},"end":{"line":9,"column":null}},"type":"default-arg","locations":[{"start":{"line":9,"column":31},"end":{"line":9,"column":null}}],"line":9},"2":{"loc":{"start":{"line":32,"column":16},"end":{"line":32,"column":null}},"type":"cond-expr","locations":[{"start":{"line":32,"column":26},"end":{"line":32,"column":47}},{"start":{"line":32,"column":47},"end":{"line":32,"column":null}}],"line":32},"3":{"loc":{"start":{"line":34,"column":4},"end":{"line":36,"column":null}},"type":"if","locations":[{"start":{"line":34,"column":4},"end":{"line":36,"column":null}},{"start":{},"end":{}}],"line":34},"4":{"loc":{"start":{"line":34,"column":8},"end":{"line":34,"column":47}},"type":"binary-expr","locations":[{"start":{"line":34,"column":8},"end":{"line":34,"column":21}},{"start":{"line":34,"column":21},"end":{"line":34,"column":47}}],"line":34},"5":{"loc":{"start":{"line":38,"column":4},"end":{"line":50,"column":null}},"type":"if","locations":[{"start":{"line":38,"column":4},"end":{"line":50,"column":null}},{"start":{"line":44,"column":11},"end":{"line":50,"column":null}}],"line":38},"6":{"loc":{"start":{"line":55,"column":11},"end":{"line":55,"column":null}},"type":"cond-expr","locations":[{"start":{"line":55,"column":27},"end":{"line":55,"column":40}},{"start":{"line":55,"column":40},"end":{"line":55,"column":null}}],"line":55},"7":{"loc":{"start":{"line":59,"column":4},"end":{"line":61,"column":null}},"type":"if","locations":[{"start":{"line":59,"column":4},"end":{"line":61,"column":null}},{"start":{},"end":{}}],"line":59},"8":{"loc":{"start":{"line":63,"column":4},"end":{"line":65,"column":null}},"type":"if","locations":[{"start":{"line":63,"column":4},"end":{"line":65,"column":null}},{"start":{},"end":{}}],"line":63},"9":{"loc":{"start":{"line":63,"column":8},"end":{"line":63,"column":44}},"type":"binary-expr","locations":[{"start":{"line":63,"column":8},"end":{"line":63,"column":32}},{"start":{"line":63,"column":32},"end":{"line":63,"column":44}}],"line":63},"10":{"loc":{"start":{"line":68,"column":4},"end":{"line":70,"column":null}},"type":"if","locations":[{"start":{"line":68,"column":4},"end":{"line":70,"column":null}},{"start":{},"end":{}}],"line":68},"11":{"loc":{"start":{"line":77,"column":4},"end":{"line":81,"column":null}},"type":"if","locations":[{"start":{"line":77,"column":4},"end":{"line":81,"column":null}},{"start":{"line":79,"column":11},"end":{"line":81,"column":null}}],"line":77},"12":{"loc":{"start":{"line":91,"column":4},"end":{"line":93,"column":null}},"type":"if","locations":[{"start":{"line":91,"column":4},"end":{"line":93,"column":null}},{"start":{},"end":{}}],"line":91},"13":{"loc":{"start":{"line":95,"column":4},"end":{"line":99,"column":null}},"type":"if","locations":[{"start":{"line":95,"column":4},"end":{"line":99,"column":null}},{"start":{"line":97,"column":11},"end":{"line":99,"column":null}}],"line":95},"14":{"loc":{"start":{"line":101,"column":4},"end":{"line":105,"column":null}},"type":"if","locations":[{"start":{"line":101,"column":4},"end":{"line":105,"column":null}},{"start":{"line":103,"column":11},"end":{"line":105,"column":null}}],"line":101},"15":{"loc":{"start":{"line":113,"column":4},"end":{"line":119,"column":null}},"type":"if","locations":[{"start":{"line":113,"column":4},"end":{"line":119,"column":null}},{"start":{"line":116,"column":11},"end":{"line":119,"column":null}}],"line":113},"16":{"loc":{"start":{"line":126,"column":4},"end":{"line":128,"column":null}},"type":"if","locations":[{"start":{"line":126,"column":4},"end":{"line":128,"column":null}},{"start":{},"end":{}}],"line":126},"17":{"loc":{"start":{"line":132,"column":4},"end":{"line":138,"column":null}},"type":"if","locations":[{"start":{"line":132,"column":4},"end":{"line":138,"column":null}},{"start":{"line":135,"column":11},"end":{"line":138,"column":null}}],"line":132},"18":{"loc":{"start":{"line":145,"column":4},"end":{"line":151,"column":null}},"type":"if","locations":[{"start":{"line":145,"column":4},"end":{"line":151,"column":null}},{"start":{"line":148,"column":11},"end":{"line":151,"column":null}}],"line":145},"19":{"loc":{"start":{"line":158,"column":4},"end":{"line":160,"column":null}},"type":"if","locations":[{"start":{"line":158,"column":4},"end":{"line":160,"column":null}},{"start":{},"end":{}}],"line":158},"20":{"loc":{"start":{"line":164,"column":4},"end":{"line":170,"column":null}},"type":"if","locations":[{"start":{"line":164,"column":4},"end":{"line":170,"column":null}},{"start":{"line":167,"column":11},"end":{"line":170,"column":null}}],"line":164}},"s":{"0":334,"1":334,"2":334,"3":80,"4":80,"5":80,"6":99,"7":140,"8":140,"9":14,"10":126,"11":70,"12":70,"13":70,"14":83,"15":70,"16":56,"17":56,"18":56,"19":51,"20":56,"21":50,"22":50,"23":28,"24":5,"25":23,"26":10,"27":13,"28":13,"29":2,"30":11,"31":11,"32":11,"33":11,"34":10,"35":1,"36":11,"37":11,"38":19,"39":19,"40":3,"41":16,"42":10,"43":6,"44":16,"45":10,"46":6,"47":16,"48":16,"49":313,"50":62,"51":62,"52":251,"53":251,"54":313,"55":313,"56":12,"57":1,"58":11,"59":11,"60":10,"61":10,"62":1,"63":1,"64":11,"65":11,"66":10,"67":6,"68":6,"69":4,"70":4,"71":10,"72":10,"73":11,"74":1,"75":10,"76":10,"77":9,"78":9,"79":1,"80":1,"81":10,"82":10,"83":4,"84":4,"85":21,"86":21,"87":21,"88":4,"89":55,"90":55,"91":145,"92":137},"f":{"0":334,"1":80,"2":99,"3":140,"4":50,"5":28,"6":19,"7":313,"8":12,"9":10,"10":11,"11":4,"12":55},"b":{"0":[334],"1":[334],"2":[39,101],"3":[14,126],"4":[140,138],"5":[70,56],"6":[44,6],"7":[5,23],"8":[10,13],"9":[23,16],"10":[2,11],"11":[10,1],"12":[3,16],"13":[10,6],"14":[10,6],"15":[62,251],"16":[1,11],"17":[10,1],"18":[6,4],"19":[1,10],"20":[9,1]},"meta":{"lastBranch":21,"lastFunction":13,"lastStatement":93,"seen":{"f:6:2:6:Infinity":0,"b:8:31:8:Infinity":0,"b:9:31:9:Infinity":1,"s:11:4:11:Infinity":0,"s:12:4:12:Infinity":1,"s:13:4:13:Infinity":2,"s:20:12:20:Infinity":3,"f:22:2:22:16":1,"s:23:4:23:Infinity":4,"s:24:4:24:Infinity":5,"f:27:6:27:23":2,"s:28:4:28:Infinity":6,"f:31:2:31:5":3,"s:32:16:32:Infinity":7,"b:32:26:32:47:32:47:32:Infinity":2,"b:34:4:36:Infinity:undefined:undefined:undefined:undefined":3,"s:34:4:36:Infinity":8,"b:34:8:34:21:34:21:34:47":4,"s:35:6:35:Infinity":9,"b:38:4:50:Infinity:44:11:50:Infinity":5,"s:38:4:50:Infinity":10,"s:39:24:39:Infinity":11,"s:40:6:42:Infinity":12,"s:40:19:40:22":13,"s:41:8:41:Infinity":14,"s:43:6:43:Infinity":15,"s:45:24:45:Infinity":16,"s:46:6:48:Infinity":17,"s:46:19:46:37":18,"s:47:8:47:Infinity":19,"s:49:6:49:Infinity":20,"f:53:2:53:6":4,"s:54:17:54:Infinity":21,"s:55:4:55:Infinity":22,"b:55:27:55:40:55:40:55:Infinity":6,"f:58:2:58:6":5,"b:59:4:61:Infinity:undefined:undefined:undefined:undefined":7,"s:59:4:61:Infinity":23,"s:60:6:60:Infinity":24,"b:63:4:65:Infinity:undefined:undefined:undefined:undefined":8,"s:63:4:65:Infinity":25,"b:63:8:63:32:63:32:63:44":9,"s:64:6:64:Infinity":26,"s:67:24:67:Infinity":27,"b:68:4:70:Infinity:undefined:undefined:undefined:undefined":10,"s:68:4:70:Infinity":28,"s:69:6:69:Infinity":29,"s:72:21:72:Infinity":30,"s:73:20:73:Infinity":31,"s:75:4:75:Infinity":32,"b:77:4:81:Infinity:79:11:81:Infinity":11,"s:77:4:81:Infinity":33,"s:78:6:78:Infinity":34,"s:80:6:80:Infinity":35,"s:83:4:83:Infinity":36,"s:85:4:85:Infinity":37,"f:88:2:88:9":6,"s:89:24:89:Infinity":38,"b:91:4:93:Infinity:undefined:undefined:undefined:undefined":12,"s:91:4:93:Infinity":39,"s:92:6:92:Infinity":40,"b:95:4:99:Infinity:97:11:99:Infinity":13,"s:95:4:99:Infinity":41,"s:96:6:96:Infinity":42,"s:98:6:98:Infinity":43,"b:101:4:105:Infinity:103:11:105:Infinity":14,"s:101:4:105:Infinity":44,"s:102:6:102:Infinity":45,"s:104:6:104:Infinity":46,"s:107:4:107:Infinity":47,"s:109:4:109:Infinity":48,"f:112:2:112:7":7,"b:113:4:119:Infinity:116:11:119:Infinity":15,"s:113:4:119:Infinity":49,"s:114:6:114:Infinity":50,"s:115:6:115:Infinity":51,"s:117:6:117:Infinity":52,"s:118:6:118:Infinity":53,"s:121:4:121:Infinity":54,"s:122:4:122:Infinity":55,"f:125:2:125:23":8,"b:126:4:128:Infinity:undefined:undefined:undefined:undefined":16,"s:126:4:128:Infinity":56,"s:127:6:127:Infinity":57,"s:130:19:130:Infinity":58,"b:132:4:138:Infinity:135:11:138:Infinity":17,"s:132:4:138:Infinity":59,"s:133:6:133:Infinity":60,"s:134:6:134:Infinity":61,"s:136:6:136:Infinity":62,"s:137:6:137:Infinity":63,"s:140:4:140:Infinity":64,"s:141:4:141:Infinity":65,"f:144:2:144:10":9,"b:145:4:151:Infinity:148:11:151:Infinity":18,"s:145:4:151:Infinity":66,"s:146:6:146:Infinity":67,"s:147:6:147:Infinity":68,"s:149:6:149:Infinity":69,"s:150:6:150:Infinity":70,"s:153:4:153:Infinity":71,"s:154:4:154:Infinity":72,"f:157:2:157:25":10,"b:158:4:160:Infinity:undefined:undefined:undefined:undefined":19,"s:158:4:160:Infinity":73,"s:159:6:159:Infinity":74,"s:162:19:162:Infinity":75,"b:164:4:170:Infinity:167:11:170:Infinity":20,"s:164:4:170:Infinity":76,"s:165:6:165:Infinity":77,"s:166:6:166:Infinity":78,"s:168:6:168:Infinity":79,"s:169:6:169:Infinity":80,"s:172:4:172:Infinity":81,"s:173:4:173:Infinity":82,"f:176:2:176:16":11,"s:177:4:177:Infinity":83,"s:179:4:183:Infinity":84,"s:180:19:180:Infinity":85,"s:181:6:181:Infinity":86,"s:182:6:182:Infinity":87,"s:185:4:185:Infinity":88,"f:188:4:188:19":12,"s:189:22:189:Infinity":89,"s:190:4:193:Infinity":90,"s:191:6:191:Infinity":91,"s:192:6:192:Infinity":92}}}
,"/Users/bogxoxl/DEV/FRONTEND/grokking_algorithms/src/chapter-02/mocks.ts": {"path":"/Users/bogxoxl/DEV/FRONTEND/grokking_algorithms/src/chapter-02/mocks.ts","statementMap":{"0":{"start":{"line":4,"column":31},"end":{"line":4,"column":null}},"1":{"start":{"line":9,"column":47},"end":{"line":9,"column":null}},"2":{"start":{"line":12,"column":32},"end":{"line":12,"column":null}},"3":{"start":{"line":13,"column":38},"end":{"line":13,"column":null}},"4":{"start":{"line":14,"column":40},"end":{"line":14,"column":null}},"5":{"start":{"line":17,"column":40},"end":{"line":23,"column":null}},"6":{"start":{"line":26,"column":41},"end":{"line":32,"column":null}},"7":{"start":{"line":33,"column":47},"end":{"line":39,"column":null}},"8":{"start":{"line":42,"column":36},"end":{"line":47,"column":null}},"9":{"start":{"line":52,"column":47},"end":{"line":52,"column":null}},"10":{"start":{"line":55,"column":32},"end":{"line":55,"column":null}},"11":{"start":{"line":56,"column":38},"end":{"line":56,"column":null}},"12":{"start":{"line":57,"column":40},"end":{"line":57,"column":null}},"13":{"start":{"line":60,"column":40},"end":{"line":60,"column":null}},"14":{"start":{"line":63,"column":41},"end":{"line":63,"column":null}},"15":{"start":{"line":64,"column":47},"end":{"line":64,"column":null}},"16":{"start":{"line":67,"column":36},"end":{"line":67,"column":null}}},"fnMap":{},"branchMap":{},"s":{"0":2,"1":2,"2":2,"3":2,"4":2,"5":2,"6":2,"7":2,"8":2,"9":2,"10":2,"11":2,"12":2,"13":2,"14":2,"15":2,"16":2},"f":{},"b":{},"meta":{"lastBranch":0,"lastFunction":0,"lastStatement":17,"seen":{"s:4:31:4:Infinity":0,"s:9:47:9:Infinity":1,"s:12:32:12:Infinity":2,"s:13:38:13:Infinity":3,"s:14:40:14:Infinity":4,"s:17:40:23:Infinity":5,"s:26:41:32:Infinity":6,"s:33:47:39:Infinity":7,"s:42:36:47:Infinity":8,"s:52:47:52:Infinity":9,"s:55:32:55:Infinity":10,"s:56:38:56:Infinity":11,"s:57:40:57:Infinity":12,"s:60:40:60:Infinity":13,"s:63:41:63:Infinity":14,"s:64:47:64:Infinity":15,"s:67:36:67:Infinity":16}}}
,"/Users/bogxoxl/DEV/FRONTEND/grokking_algorithms/src/chapter-02/selectionSort.ts": {"path":"/Users/bogxoxl/DEV/FRONTEND/grokking_algorithms/src/chapter-02/selectionSort.ts","statementMap":{"0":{"start":{"line":4,"column":17},"end":{"line":4,"column":null}},"1":{"start":{"line":6,"column":2},"end":{"line":18,"column":null}},"2":{"start":{"line":6,"column":15},"end":{"line":6,"column":18}},"3":{"start":{"line":7,"column":19},"end":{"line":7,"column":null}},"4":{"start":{"line":9,"column":4},"end":{"line":13,"column":null}},"5":{"start":{"line":9,"column":17},"end":{"line":9,"column":24}},"6":{"start":{"line":10,"column":6},"end":{"line":12,"column":null}},"7":{"start":{"line":11,"column":8},"end":{"line":11,"column":null}},"8":{"start":{"line":15,"column":4},"end":{"line":17,"column":null}},"9":{"start":{"line":16,"column":6},"end":{"line":16,"column":null}},"10":{"start":{"line":20,"column":2},"end":{"line":20,"column":null}},"11":{"start":{"line":24,"column":2},"end":{"line":26,"column":null}},"12":{"start":{"line":25,"column":4},"end":{"line":25,"column":null}},"13":{"start":{"line":28,"column":17},"end":{"line":28,"column":null}},"14":{"start":{"line":29,"column":2},"end":{"line":29,"column":null}},"15":{"start":{"line":31,"column":2},"end":{"line":43,"column":null}},"16":{"start":{"line":31,"column":21},"end":{"line":31,"column":39}},"17":{"start":{"line":32,"column":18},"end":{"line":32,"column":null}},"18":{"start":{"line":34,"column":4},"end":{"line":38,"column":null}},"19":{"start":{"line":34,"column":25},"end":{"line":34,"column":39}},"20":{"start":{"line":35,"column":6},"end":{"line":37,"column":null}},"21":{"start":{"line":36,"column":8},"end":{"line":36,"column":null}},"22":{"start":{"line":40,"column":4},"end":{"line":42,"column":null}},"23":{"start":{"line":41,"column":6},"end":{"line":41,"column":null}},"24":{"start":{"line":45,"column":2},"end":{"line":45,"column":null}}},"fnMap":{"0":{"name":"selectionSort","decl":{"start":{"line":3,"column":16},"end":{"line":3,"column":33}},"loc":{"start":{"line":3,"column":50},"end":{"line":21,"column":null}},"line":3},"1":{"name":"selectionLinkedListSort","decl":{"start":{"line":23,"column":16},"end":{"line":23,"column":43}},"loc":{"start":{"line":23,"column":67},"end":{"line":46,"column":null}},"line":23}},"branchMap":{"0":{"loc":{"start":{"line":10,"column":6},"end":{"line":12,"column":null}},"type":"if","locations":[{"start":{"line":10,"column":6},"end":{"line":12,"column":null}},{"start":{},"end":{}}],"line":10},"1":{"loc":{"start":{"line":15,"column":4},"end":{"line":17,"column":null}},"type":"if","locations":[{"start":{"line":15,"column":4},"end":{"line":17,"column":null}},{"start":{},"end":{}}],"line":15},"2":{"loc":{"start":{"line":24,"column":2},"end":{"line":26,"column":null}},"type":"if","locations":[{"start":{"line":24,"column":2},"end":{"line":26,"column":null}},{"start":{},"end":{}}],"line":24},"3":{"loc":{"start":{"line":35,"column":6},"end":{"line":37,"column":null}},"type":"if","locations":[{"start":{"line":35,"column":6},"end":{"line":37,"column":null}},{"start":{},"end":{}}],"line":35},"4":{"loc":{"start":{"line":40,"column":4},"end":{"line":42,"column":null}},"type":"if","locations":[{"start":{"line":40,"column":4},"end":{"line":42,"column":null}},{"start":{},"end":{}}],"line":40}},"s":{"0":16,"1":16,"2":16,"3":35,"4":35,"5":35,"6":75,"7":20,"8":35,"9":12,"10":16,"11":13,"12":1,"13":12,"14":12,"15":12,"16":12,"17":38,"18":38,"19":38,"20":50,"21":20,"22":38,"23":12,"24":12},"f":{"0":16,"1":13},"b":{"0":[20,55],"1":[12,23],"2":[1,12],"3":[20,30],"4":[12,26]},"meta":{"lastBranch":5,"lastFunction":2,"lastStatement":25,"seen":{"f:3:16:3:33":0,"s:4:17:4:Infinity":0,"s:6:2:18:Infinity":1,"s:6:15:6:18":2,"s:7:19:7:Infinity":3,"s:9:4:13:Infinity":4,"s:9:17:9:24":5,"b:10:6:12:Infinity:undefined:undefined:undefined:undefined":0,"s:10:6:12:Infinity":6,"s:11:8:11:Infinity":7,"b:15:4:17:Infinity:undefined:undefined:undefined:undefined":1,"s:15:4:17:Infinity":8,"s:16:6:16:Infinity":9,"s:20:2:20:Infinity":10,"f:23:16:23:43":1,"b:24:2:26:Infinity:undefined:undefined:undefined:undefined":2,"s:24:2:26:Infinity":11,"s:25:4:25:Infinity":12,"s:28:17:28:Infinity":13,"s:29:2:29:Infinity":14,"s:31:2:43:Infinity":15,"s:31:21:31:39":16,"s:32:18:32:Infinity":17,"s:34:4:38:Infinity":18,"s:34:25:34:39":19,"b:35:6:37:Infinity:undefined:undefined:undefined:undefined":3,"s:35:6:37:Infinity":20,"s:36:8:36:Infinity":21,"b:40:4:42:Infinity:undefined:undefined:undefined:undefined":4,"s:40:4:42:Infinity":22,"s:41:6:41:Infinity":23,"s:45:2:45:Infinity":24}}}
,"/Users/bogxoxl/DEV/FRONTEND/grokking_algorithms/src/chapter-03/Stack.ts": {"path":"/Users/bogxoxl/DEV/FRONTEND/grokking_algorithms/src/chapter-03/Stack.ts","statementMap":{"0":{"start":{"line":2,"column":30},"end":{"line":2,"column":null}},"1":{"start":{"line":6,"column":4},"end":{"line":6,"column":null}},"2":{"start":{"line":7,"column":4},"end":{"line":7,"column":null}},"3":{"start":{"line":12,"column":20},"end":{"line":12,"column":null}},"4":{"start":{"line":13,"column":34},"end":{"line":13,"column":null}},"5":{"start":{"line":18,"column":4},"end":{"line":18,"column":null}},"6":{"start":{"line":22,"column":4},"end":{"line":22,"column":null}},"7":{"start":{"line":26,"column":4},"end":{"line":26,"column":null}},"8":{"start":{"line":30,"column":4},"end":{"line":30,"column":null}},"9":{"start":{"line":31,"column":4},"end":{"line":31,"column":null}},"10":{"start":{"line":32,"column":4},"end":{"line":32,"column":null}},"11":{"start":{"line":36,"column":4},"end":{"line":38,"column":null}},"12":{"start":{"line":37,"column":6},"end":{"line":37,"column":null}},"13":{"start":{"line":40,"column":19},"end":{"line":40,"column":null}},"14":{"start":{"line":41,"column":4},"end":{"line":41,"column":null}},"15":{"start":{"line":42,"column":4},"end":{"line":42,"column":null}},"16":{"start":{"line":44,"column":4},"end":{"line":44,"column":null}},"17":{"start":{"line":48,"column":4},"end":{"line":52,"column":null}},"18":{"start":{"line":49,"column":19},"end":{"line":49,"column":null}},"19":{"start":{"line":50,"column":6},"end":{"line":50,"column":null}},"20":{"start":{"line":51,"column":6},"end":{"line":51,"column":null}},"21":{"start":{"line":54,"column":4},"end":{"line":54,"column":null}},"22":{"start":{"line":58,"column":4},"end":{"line":58,"column":null}},"23":{"start":{"line":62,"column":22},"end":{"line":62,"column":null}},"24":{"start":{"line":64,"column":4},"end":{"line":67,"column":null}},"25":{"start":{"line":65,"column":6},"end":{"line":65,"column":null}},"26":{"start":{"line":66,"column":6},"end":{"line":66,"column":null}}},"fnMap":{"0":{"name":"(anonymous_0)","decl":{"start":{"line":5,"column":2},"end":{"line":5,"column":14}},"loc":{"start":{"line":5,"column":58},"end":{"line":8,"column":null}},"line":5},"1":{"name":"(anonymous_1)","decl":{"start":{"line":15,"column":2},"end":{"line":15,"column":16}},"loc":{"start":{"line":15,"column":16},"end":{"line":15,"column":null}},"line":15},"2":{"name":"(anonymous_2)","decl":{"start":{"line":17,"column":6},"end":{"line":17,"column":23}},"loc":{"start":{"line":17,"column":23},"end":{"line":19,"column":null}},"line":17},"3":{"name":"(anonymous_3)","decl":{"start":{"line":21,"column":2},"end":{"line":21,"column":24}},"loc":{"start":{"line":21,"column":24},"end":{"line":23,"column":null}},"line":21},"4":{"name":"(anonymous_4)","decl":{"start":{"line":25,"column":2},"end":{"line":25,"column":21}},"loc":{"start":{"line":25,"column":21},"end":{"line":27,"column":null}},"line":25},"5":{"name":"(anonymous_5)","decl":{"start":{"line":29,"column":2},"end":{"line":29,"column":7}},"loc":{"start":{"line":29,"column":23},"end":{"line":33,"column":null}},"line":29},"6":{"name":"(anonymous_6)","decl":{"start":{"line":35,"column":2},"end":{"line":35,"column":23}},"loc":{"start":{"line":35,"column":23},"end":{"line":45,"column":null}},"line":35},"7":{"name":"(anonymous_7)","decl":{"start":{"line":47,"column":2},"end":{"line":47,"column":16}},"loc":{"start":{"line":47,"column":16},"end":{"line":55,"column":null}},"line":47},"8":{"name":"(anonymous_8)","decl":{"start":{"line":57,"column":2},"end":{"line":57,"column":17}},"loc":{"start":{"line":57,"column":17},"end":{"line":59,"column":null}},"line":57},"9":{"name":"(anonymous_9)","decl":{"start":{"line":61,"column":4},"end":{"line":61,"column":19}},"loc":{"start":{"line":61,"column":36},"end":{"line":68,"column":null}},"line":61}},"branchMap":{"0":{"loc":{"start":{"line":5,"column":24},"end":{"line":5,"column":58}},"type":"default-arg","locations":[{"start":{"line":5,"column":52},"end":{"line":5,"column":58}}],"line":5},"1":{"loc":{"start":{"line":36,"column":4},"end":{"line":38,"column":null}},"type":"if","locations":[{"start":{"line":36,"column":4},"end":{"line":38,"column":null}},{"start":{},"end":{}}],"line":36}},"s":{"0":20028,"1":20028,"2":20028,"3":21,"4":21,"5":7,"6":4,"7":1,"8":20028,"9":20028,"10":20028,"11":10010,"12":1,"13":10009,"14":10009,"15":10009,"16":10009,"17":4,"18":5,"19":5,"20":5,"21":4,"22":1,"23":4,"24":4,"25":9,"26":9},"f":{"0":20028,"1":21,"2":7,"3":4,"4":1,"5":20028,"6":10010,"7":4,"8":1,"9":4},"b":{"0":[20028],"1":[1,10009]},"meta":{"lastBranch":2,"lastFunction":10,"lastStatement":27,"seen":{"s:2:30:2:Infinity":0,"f:5:2:5:14":0,"b:5:52:5:58":0,"s:6:4:6:Infinity":1,"s:7:4:7:Infinity":2,"s:12:20:12:Infinity":3,"s:13:34:13:Infinity":4,"f:15:2:15:16":1,"f:17:6:17:23":2,"s:18:4:18:Infinity":5,"f:21:2:21:24":3,"s:22:4:22:Infinity":6,"f:25:2:25:21":4,"s:26:4:26:Infinity":7,"f:29:2:29:7":5,"s:30:4:30:Infinity":8,"s:31:4:31:Infinity":9,"s:32:4:32:Infinity":10,"f:35:2:35:23":6,"b:36:4:38:Infinity:undefined:undefined:undefined:undefined":1,"s:36:4:38:Infinity":11,"s:37:6:37:Infinity":12,"s:40:19:40:Infinity":13,"s:41:4:41:Infinity":14,"s:42:4:42:Infinity":15,"s:44:4:44:Infinity":16,"f:47:2:47:16":7,"s:48:4:52:Infinity":17,"s:49:19:49:Infinity":18,"s:50:6:50:Infinity":19,"s:51:6:51:Infinity":20,"s:54:4:54:Infinity":21,"f:57:2:57:17":8,"s:58:4:58:Infinity":22,"f:61:4:61:19":9,"s:62:22:62:Infinity":23,"s:64:4:67:Infinity":24,"s:65:6:65:Infinity":25,"s:66:6:66:Infinity":26}}}
,"/Users/bogxoxl/DEV/FRONTEND/grokking_algorithms/src/chapter-03/fact.ts": {"path":"/Users/bogxoxl/DEV/FRONTEND/grokking_algorithms/src/chapter-03/fact.ts","statementMap":{"0":{"start":{"line":2,"column":2},"end":{"line":4,"column":null}},"1":{"start":{"line":3,"column":4},"end":{"line":3,"column":null}},"2":{"start":{"line":6,"column":2},"end":{"line":8,"column":null}},"3":{"start":{"line":7,"column":4},"end":{"line":7,"column":null}},"4":{"start":{"line":10,"column":2},"end":{"line":12,"column":null}},"5":{"start":{"line":11,"column":4},"end":{"line":11,"column":null}},"6":{"start":{"line":14,"column":2},"end":{"line":14,"column":null}}},"fnMap":{"0":{"name":"fact","decl":{"start":{"line":1,"column":16},"end":{"line":1,"column":21}},"loc":{"start":{"line":1,"column":40},"end":{"line":15,"column":null}},"line":1}},"branchMap":{"0":{"loc":{"start":{"line":2,"column":2},"end":{"line":4,"column":null}},"type":"if","locations":[{"start":{"line":2,"column":2},"end":{"line":4,"column":null}},{"start":{},"end":{}}],"line":2},"1":{"loc":{"start":{"line":2,"column":6},"end":{"line":2,"column":37}},"type":"binary-expr","locations":[{"start":{"line":2,"column":6},"end":{"line":2,"column":30}},{"start":{"line":2,"column":30},"end":{"line":2,"column":37}}],"line":2},"2":{"loc":{"start":{"line":6,"column":2},"end":{"line":8,"column":null}},"type":"if","locations":[{"start":{"line":6,"column":2},"end":{"line":8,"column":null}},{"start":{},"end":{}}],"line":6},"3":{"loc":{"start":{"line":10,"column":2},"end":{"line":12,"column":null}},"type":"if","locations":[{"start":{"line":10,"column":2},"end":{"line":12,"column":null}},{"start":{},"end":{}}],"line":10}},"s":{"0":179,"1":2,"2":177,"3":1,"4":176,"5":3,"6":173},"f":{"0":179},"b":{"0":[2,177],"1":[179,178],"2":[1,176],"3":[3,173]},"meta":{"lastBranch":4,"lastFunction":1,"lastStatement":7,"seen":{"f:1:16:1:21":0,"b:2:2:4:Infinity:undefined:undefined:undefined:undefined":0,"s:2:2:4:Infinity":0,"b:2:6:2:30:2:30:2:37":1,"s:3:4:3:Infinity":1,"b:6:2:8:Infinity:undefined:undefined:undefined:undefined":2,"s:6:2:8:Infinity":2,"s:7:4:7:Infinity":3,"b:10:2:12:Infinity:undefined:undefined:undefined:undefined":3,"s:10:2:12:Infinity":4,"s:11:4:11:Infinity":5,"s:14:2:14:Infinity":6}}}
}
